#
# There is insufficient memory for the Java Runtime Environment to continue.
# Native memory allocation (malloc) failed to allocate 1075888 bytes for Chunk::new
# Possible reasons:
#   The system is out of physical RAM or swap space
#   In 32 bit mode, the process size limit was hit
# Possible solutions:
#   Reduce memory load on the system
#   Increase physical memory or swap space
#   Check if swap backing store is full
#   Use 64 bit Java on a 64 bit OS
#   Decrease Java heap size (-Xmx/-Xms)
#   Decrease number of Java threads
#   Decrease Java thread stack sizes (-Xss)
#   Set larger code cache with -XX:ReservedCodeCacheSize=
# This output file may be truncated or incomplete.
#
#  Out of Memory Error (allocation.cpp:390), pid=9492, tid=0x0000000000004584
#
# JRE version: OpenJDK Runtime Environment (8.0_76-b03) (build 1.8.0_76-release-b03)
# Java VM: OpenJDK 64-Bit Server VM (25.76-b03 mixed mode windows-amd64 compressed oops)
# Failed to write core dump. Minidumps are not enabled by default on client versions of Windows
#

---------------  T H R E A D  ---------------

Current thread (0x0000000015c90000):  JavaThread "C2 CompilerThread1" daemon [_thread_in_native, id=17796, stack(0x00000000173c0000,0x00000000174c0000)]

Stack: [0x00000000173c0000,0x00000000174c0000]
[error occurred during error reporting (printing stack bounds), id 0xc0000005]

Native frames: (J=compiled Java code, j=interpreted, Vv=VM code, C=native code)


Current CompileTask:
C2:6320370 22068       4       org.gradle.internal.graph.CachingDirectedGraphWalker::doSearch (650 bytes)


---------------  P R O C E S S  ---------------

Java Threads: ( => current thread )
  0x000000001f9d5000 JavaThread "Stdin handler" [_thread_blocked, id=18568, stack(0x00000000433f0000,0x00000000434f0000)]
  0x000000001f9d9000 JavaThread "Asynchronous log dispatcher for org.gradle.launcher.daemon.server.DefaultDaemonConnection@56a30632" [_thread_blocked, id=5584, stack(0x00000000432f0000,0x00000000433f0000)]
  0x000000001f9d0000 JavaThread "Cancel handler" [_thread_blocked, id=3736, stack(0x00000000431f0000,0x00000000432f0000)]
  0x000000001f9d2000 JavaThread "Handler for socket connection from /127.0.0.1:54143 to /127.0.0.1:58596" [_thread_in_native, id=8636, stack(0x00000000430f0000,0x00000000431f0000)]
  0x000000001f9d6800 JavaThread "pool-238-thread-1" [_thread_blocked, id=9700, stack(0x0000000042ff0000,0x00000000430f0000)]
  0x000000001f9d1800 JavaThread "Daemon worker Thread 4" [_thread_in_native, id=17524, stack(0x0000000042cf0000,0x0000000042df0000)]
  0x000000001f9d3800 JavaThread "Daemon Thread 4" [_thread_blocked, id=13536, stack(0x00000000429f0000,0x0000000042af0000)]
  0x000000001d673000 JavaThread "pool-17-thread-3" [_thread_blocked, id=11288, stack(0x00000000287f0000,0x00000000288f0000)]
  0x000000001d66f800 JavaThread "pool-17-thread-4" [_thread_blocked, id=12368, stack(0x00000000286f0000,0x00000000287f0000)]
  0x000000001d66b800 JavaThread "pool-17-thread-2" [_thread_blocked, id=11248, stack(0x00000000285f0000,0x00000000286f0000)]
  0x000000001d672800 JavaThread "pool-17-thread-1" [_thread_blocked, id=10428, stack(0x00000000284f0000,0x00000000285f0000)]
  0x000000001d668000 JavaThread "stdout" daemon [_thread_in_native, id=17652, stack(0x00000000245f0000,0x00000000246f0000)]
  0x000000001d66a000 JavaThread "stderr" daemon [_thread_in_native, id=18232, stack(0x00000000244f0000,0x00000000245f0000)]
  0x000000001d666800 JavaThread "stdout" daemon [_thread_in_native, id=19024, stack(0x00000000243f0000,0x00000000244f0000)]
  0x000000001d665800 JavaThread "stderr" daemon [_thread_in_native, id=15900, stack(0x00000000242f0000,0x00000000243f0000)]
  0x000000001d58e800 JavaThread "stdout" daemon [_thread_in_native, id=12840, stack(0x00000000241f0000,0x00000000242f0000)]
  0x000000001d58d800 JavaThread "stderr" daemon [_thread_in_native, id=18476, stack(0x00000000240f0000,0x00000000241f0000)]
  0x000000001d590800 JavaThread "stdout" daemon [_thread_in_native, id=17328, stack(0x0000000023ff0000,0x00000000240f0000)]
  0x000000001d58f000 JavaThread "stderr" daemon [_thread_in_native, id=19280, stack(0x0000000023ef0000,0x0000000023ff0000)]
  0x000000001d590000 JavaThread "stdout" daemon [_thread_in_native, id=19336, stack(0x0000000023cf0000,0x0000000023df0000)]
  0x000000001d58d000 JavaThread "stderr" daemon [_thread_in_native, id=18608, stack(0x0000000023bf0000,0x0000000023cf0000)]
  0x000000001d591800 JavaThread "stdout" daemon [_thread_in_native, id=832, stack(0x0000000023af0000,0x0000000023bf0000)]
  0x000000001d585800 JavaThread "stderr" daemon [_thread_in_native, id=16056, stack(0x00000000239f0000,0x0000000023af0000)]
  0x000000001d58c000 JavaThread "stdout" daemon [_thread_in_native, id=17960, stack(0x00000000238f0000,0x00000000239f0000)]
  0x000000001d584800 JavaThread "stderr" daemon [_thread_in_native, id=8016, stack(0x00000000237f0000,0x00000000238f0000)]
  0x000000001d586000 JavaThread "png-cruncher_10" daemon [_thread_blocked, id=8984, stack(0x00000000236f0000,0x00000000237f0000)]
  0x000000001d58a800 JavaThread "png-cruncher_9" daemon [_thread_blocked, id=19008, stack(0x00000000235f0000,0x00000000236f0000)]
  0x000000001d584000 JavaThread "png-cruncher_8" daemon [_thread_blocked, id=17320, stack(0x00000000234f0000,0x00000000235f0000)]
  0x000000001d583000 JavaThread "png-cruncher_7" daemon [_thread_blocked, id=9904, stack(0x00000000233f0000,0x00000000234f0000)]
  0x000000001d58a000 JavaThread "png-cruncher_6" daemon [_thread_blocked, id=11804, stack(0x00000000232f0000,0x00000000233f0000)]
  0x000000001d588800 JavaThread "stdout" daemon [_thread_in_native, id=19340, stack(0x00000000231f0000,0x00000000232f0000)]
  0x000000001d582800 JavaThread "stderr" daemon [_thread_in_native, id=19424, stack(0x00000000230f0000,0x00000000231f0000)]
  0x000000001d587800 JavaThread "stdout" daemon [_thread_in_native, id=2912, stack(0x0000000022ff0000,0x00000000230f0000)]
  0x000000001d589000 JavaThread "stderr" daemon [_thread_in_native, id=14512, stack(0x0000000022ef0000,0x0000000022ff0000)]
  0x000000001d587000 JavaThread "stdout" daemon [_thread_in_native, id=18224, stack(0x0000000022df0000,0x0000000022ef0000)]
  0x0000000017d57800 JavaThread "stderr" daemon [_thread_in_native, id=18304, stack(0x0000000022cf0000,0x0000000022df0000)]
  0x0000000017d53000 JavaThread "png-cruncher_5" daemon [_thread_blocked, id=17064, stack(0x0000000022bf0000,0x0000000022cf0000)]
  0x000000001d972800 JavaThread "png-cruncher_4" daemon [_thread_blocked, id=16192, stack(0x0000000022af0000,0x0000000022bf0000)]
  0x000000001d971800 JavaThread "png-cruncher_3" daemon [_thread_blocked, id=18112, stack(0x00000000229f0000,0x0000000022af0000)]
  0x000000001d971000 JavaThread "png-cruncher_2" daemon [_thread_blocked, id=18284, stack(0x00000000228f0000,0x00000000229f0000)]
  0x000000001d970000 JavaThread "png-cruncher_1" daemon [_thread_blocked, id=11448, stack(0x00000000227f0000,0x00000000228f0000)]
  0x0000000017d55800 JavaThread "pool-2-thread-1" [_thread_blocked, id=17844, stack(0x000000001e830000,0x000000001e930000)]
  0x000000001ab59800 JavaThread "File lock request listener" [_thread_in_native, id=19220, stack(0x000000001b810000,0x000000001b910000)]
  0x0000000018956000 JavaThread "pool-1-thread-1" [_thread_blocked, id=18692, stack(0x0000000019b40000,0x0000000019c40000)]
  0x0000000018691000 JavaThread "Incoming local TCP Connector on port 54143" [_thread_in_native, id=18708, stack(0x00000000183c0000,0x00000000184c0000)]
  0x000000001760f000 JavaThread "Service Thread" daemon [_thread_blocked, id=19248, stack(0x00000000179c0000,0x0000000017ac0000)]
  0x0000000015c95800 JavaThread "C1 CompilerThread2" daemon [_thread_blocked, id=19344, stack(0x00000000174c0000,0x00000000175c0000)]
=>0x0000000015c90000 JavaThread "C2 CompilerThread1" daemon [_thread_in_native, id=17796, stack(0x00000000173c0000,0x00000000174c0000)]
  0x0000000015c8d000 JavaThread "C2 CompilerThread0" daemon [_thread_blocked, id=17984, stack(0x00000000172c0000,0x00000000173c0000)]
  0x0000000015c8b800 JavaThread "Attach Listener" daemon [_thread_blocked, id=18192, stack(0x00000000171c0000,0x00000000172c0000)]
  0x0000000015c8a000 JavaThread "Signal Dispatcher" daemon [_thread_blocked, id=18540, stack(0x00000000170c0000,0x00000000171c0000)]
  0x0000000002259800 JavaThread "Finalizer" daemon [_thread_blocked, id=18168, stack(0x0000000016ec0000,0x0000000016fc0000)]
  0x0000000015c79800 JavaThread "Reference Handler" daemon [_thread_blocked, id=18336, stack(0x0000000016dc0000,0x0000000016ec0000)]
  0x0000000002160800 JavaThread "main" [_thread_blocked, id=19032, stack(0x0000000001ff0000,0x00000000020f0000)]

Other Threads:
  0x0000000015c35800 VMThread [stack: 0x0000000016cc0000,0x0000000016dc0000] [id=18944]
  0x0000000017612000 WatcherThread [stack: 0x0000000017ac0000,0x0000000017bc0000] [id=18152]

VM state:not at safepoint (normal execution)

VM Mutex/Monitor currently owned by a thread: None

Heap:
 PSYoungGen      total 409088K, used 17677K [0x00000000e0000000, 0x0000000100000000, 0x0000000100000000)
  eden space 296960K, 3% used [0x00000000e0000000,0x00000000e09db6e0,0x00000000f2200000)
  from space 112128K, 6% used [0x00000000f9280000,0x00000000f99e8000,0x0000000100000000)
  to   space 113664K, 0% used [0x00000000f2200000,0x00000000f2200000,0x00000000f9100000)
 ParOldGen       total 472576K, used 81064K [0x00000000a0000000, 0x00000000bcd80000, 0x00000000e0000000)
  object space 472576K, 17% used [0x00000000a0000000,0x00000000a4f2a0c8,0x00000000bcd80000)
 Metaspace       used 84774K, capacity 88076K, committed 89256K, reserved 1126400K
  class space    used 10714K, capacity 11391K, committed 11696K, reserved 1048576K

Card table byte_map: [0x00000000116c0000,0x00000000119d0000] byte_map_base: 0x00000000111c0000

Marking Bits: (ParMarkBitMap*) 0x0000000067019d00
 Begin Bits: [0x0000000011fd0000, 0x00000000137d0000)
 End Bits:   [0x00000000137d0000, 0x0000000014fd0000)

Polling page: 0x0000000000720000

CodeCache: size=245760Kb used=60707Kb max_used=60714Kb free=185052Kb
 bounds [0x0000000002300000, 0x0000000005ea0000, 0x0000000011300000]
 total_blobs=16727 nmethods=15950 adapters=688
 compilation: enabled

Compilation events (10 events):
Event: 6318.855 Thread 0x0000000015c95800 nmethod 22092 0x0000000005e9f210 code [0x0000000005e9f3a0, 0x0000000005e9f7f0]
Event: 6318.856 Thread 0x0000000015c8d000 nmethod 22090 0x0000000005e9d110 code [0x0000000005e9d280, 0x0000000005e9d598]
Event: 6318.856 Thread 0x0000000015c8d000 22091       4       com.google.common.collect.AbstractMapBasedMultimap$WrappedCollection::<init> (44 bytes)
Event: 6318.860 Thread 0x0000000015c8d000 nmethod 22091 0x000000000564f9d0 code [0x000000000564fb00, 0x000000000564fbb8]
Event: 6318.869 Thread 0x0000000015c95800 22093       3       org.gradle.internal.progress.BuildProgressFilter::beforeExecute (1 bytes)
Event: 6318.870 Thread 0x0000000015c95800 nmethod 22093 0x0000000005e9a810 code [0x0000000005e9a960, 0x0000000005e9aab0]
Event: 6319.037 Thread 0x0000000015c95800 22094       3       org.gradle.internal.id.RandomLongIdGenerator::generateId (5 bytes)
Event: 6319.038 Thread 0x0000000015c95800 nmethod 22094 0x0000000005e95050 code [0x0000000005e951c0, 0x0000000005e95458]
Event: 6319.038 Thread 0x0000000015c95800 22095       3       org.gradle.internal.id.RandomLongIdGenerator::generateId (11 bytes)
Event: 6319.039 Thread 0x0000000015c95800 nmethod 22095 0x0000000005e94b90 code [0x0000000005e94d00, 0x0000000005e94f58]

GC Heap History (10 events):
Event: 6264.817 GC heap before
{Heap before GC invocations=99 (full 14):
 PSYoungGen      total 398336K, used 291328K [0x00000000e0000000, 0x00000000ff180000, 0x0000000100000000)
  eden space 291328K, 100% used [0x00000000e0000000,0x00000000f1c80000,0x00000000f1c80000)
  from space 107008K, 0% used [0x00000000f8900000,0x00000000f8900000,0x00000000ff180000)
  to   space 109056K, 0% used [0x00000000f1c80000,0x00000000f1c80000,0x00000000f8700000)
 ParOldGen       total 472576K, used 63680K [0x00000000a0000000, 0x00000000bcd80000, 0x00000000e0000000)
  object space 472576K, 13% used [0x00000000a0000000,0x00000000a3e30268,0x00000000bcd80000)
 Metaspace       used 79412K, capacity 81938K, committed 83752K, reserved 1122304K
  class space    used 9930K, capacity 10384K, committed 10800K, reserved 1048576K
Event: 6264.861 GC heap after
Heap after GC invocations=99 (full 14):
 PSYoungGen      total 400384K, used 19902K [0x00000000e0000000, 0x0000000100000000, 0x0000000100000000)
  eden space 291328K, 0% used [0x00000000e0000000,0x00000000e0000000,0x00000000f1c80000)
  from space 109056K, 18% used [0x00000000f1c80000,0x00000000f2fef840,0x00000000f8700000)
  to   space 111616K, 0% used [0x00000000f9300000,0x00000000f9300000,0x0000000100000000)
 ParOldGen       total 472576K, used 63688K [0x00000000a0000000, 0x00000000bcd80000, 0x00000000e0000000)
  object space 472576K, 13% used [0x00000000a0000000,0x00000000a3e32268,0x00000000bcd80000)
 Metaspace       used 79412K, capacity 81938K, committed 83752K, reserved 1122304K
  class space    used 9930K, capacity 10384K, committed 10800K, reserved 1048576K
}
Event: 6276.947 GC heap before
{Heap before GC invocations=100 (full 14):
 PSYoungGen      total 400384K, used 311230K [0x00000000e0000000, 0x0000000100000000, 0x0000000100000000)
  eden space 291328K, 100% used [0x00000000e0000000,0x00000000f1c80000,0x00000000f1c80000)
  from space 109056K, 18% used [0x00000000f1c80000,0x00000000f2fef840,0x00000000f8700000)
  to   space 111616K, 0% used [0x00000000f9300000,0x00000000f9300000,0x0000000100000000)
 ParOldGen       total 472576K, used 63688K [0x00000000a0000000, 0x00000000bcd80000, 0x00000000e0000000)
  object space 472576K, 13% used [0x00000000a0000000,0x00000000a3e32268,0x00000000bcd80000)
 Metaspace       used 84151K, capacity 87372K, committed 88104K, reserved 1126400K
  class space    used 10608K, capacity 11226K, committed 11312K, reserved 1048576K
Event: 6277.049 GC heap after
Heap after GC invocations=100 (full 14):
 PSYoungGen      total 411648K, used 25141K [0x00000000e0000000, 0x0000000100000000, 0x0000000100000000)
  eden space 300032K, 0% used [0x00000000e0000000,0x00000000e0000000,0x00000000f2500000)
  from space 111616K, 22% used [0x00000000f9300000,0x00000000fab8d460,0x0000000100000000)
  to   space 112128K, 0% used [0x00000000f2500000,0x00000000f2500000,0x00000000f9280000)
 ParOldGen       total 472576K, used 63696K [0x00000000a0000000, 0x00000000bcd80000, 0x00000000e0000000)
  object space 472576K, 13% used [0x00000000a0000000,0x00000000a3e34268,0x00000000bcd80000)
 Metaspace       used 84151K, capacity 87372K, committed 88104K, reserved 1126400K
  class space    used 10608K, capacity 11226K, committed 11312K, reserved 1048576K
}
Event: 6278.890 GC heap before
{Heap before GC invocations=101 (full 14):
 PSYoungGen      total 411648K, used 153052K [0x00000000e0000000, 0x0000000100000000, 0x0000000100000000)
  eden space 300032K, 42% used [0x00000000e0000000,0x00000000e7ce9da0,0x00000000f2500000)
  from space 111616K, 22% used [0x00000000f9300000,0x00000000fab8d460,0x0000000100000000)
  to   space 112128K, 0% used [0x00000000f2500000,0x00000000f2500000,0x00000000f9280000)
 ParOldGen       total 472576K, used 63696K [0x00000000a0000000, 0x00000000bcd80000, 0x00000000e0000000)
  object space 472576K, 13% used [0x00000000a0000000,0x00000000a3e34268,0x00000000bcd80000)
 Metaspace       used 85232K, capacity 88896K, committed 89256K, reserved 1126400K
  class space    used 10810K, capacity 11569K, committed 11696K, reserved 1048576K
Event: 6278.981 GC heap after
Heap after GC invocations=101 (full 14):
 PSYoungGen      total 412160K, used 22272K [0x00000000e0000000, 0x0000000100000000, 0x0000000100000000)
  eden space 300032K, 0% used [0x00000000e0000000,0x00000000e0000000,0x00000000f2500000)
  from space 112128K, 19% used [0x00000000f2500000,0x00000000f3ac02d8,0x00000000f9280000)
  to   space 112128K, 0% used [0x00000000f9280000,0x00000000f9280000,0x0000000100000000)
 ParOldGen       total 472576K, used 63704K [0x00000000a0000000, 0x00000000bcd80000, 0x00000000e0000000)
  object space 472576K, 13% used [0x00000000a0000000,0x00000000a3e36268,0x00000000bcd80000)
 Metaspace       used 85232K, capacity 88896K, committed 89256K, reserved 1126400K
  class space    used 10810K, capacity 11569K, committed 11696K, reserved 1048576K
}
Event: 6278.981 GC heap before
{Heap before GC invocations=102 (full 15):
 PSYoungGen      total 412160K, used 22272K [0x00000000e0000000, 0x0000000100000000, 0x0000000100000000)
  eden space 300032K, 0% used [0x00000000e0000000,0x00000000e0000000,0x00000000f2500000)
  from space 112128K, 19% used [0x00000000f2500000,0x00000000f3ac02d8,0x00000000f9280000)
  to   space 112128K, 0% used [0x00000000f9280000,0x00000000f9280000,0x0000000100000000)
 ParOldGen       total 472576K, used 63704K [0x00000000a0000000, 0x00000000bcd80000, 0x00000000e0000000)
  object space 472576K, 13% used [0x00000000a0000000,0x00000000a3e36268,0x00000000bcd80000)
 Metaspace       used 85232K, capacity 88896K, committed 89256K, reserved 1126400K
  class space    used 10810K, capacity 11569K, committed 11696K, reserved 1048576K
Event: 6280.485 GC heap after
Heap after GC invocations=102 (full 15):
 PSYoungGen      total 412160K, used 0K [0x00000000e0000000, 0x0000000100000000, 0x0000000100000000)
  eden space 300032K, 0% used [0x00000000e0000000,0x00000000e0000000,0x00000000f2500000)
  from space 112128K, 0% used [0x00000000f2500000,0x00000000f2500000,0x00000000f9280000)
  to   space 112128K, 0% used [0x00000000f9280000,0x00000000f9280000,0x0000000100000000)
 ParOldGen       total 472576K, used 81056K [0x00000000a0000000, 0x00000000bcd80000, 0x00000000e0000000)
  object space 472576K, 17% used [0x00000000a0000000,0x00000000a4f280c8,0x00000000bcd80000)
 Metaspace       used 84286K, capacity 87498K, committed 89256K, reserved 1126400K
  class space    used 10656K, capacity 11320K, committed 11696K, reserved 1048576K
}
Event: 6317.447 GC heap before
{Heap before GC invocations=103 (full 15):
 PSYoungGen      total 412160K, used 300032K [0x00000000e0000000, 0x0000000100000000, 0x0000000100000000)
  eden space 300032K, 100% used [0x00000000e0000000,0x00000000f2500000,0x00000000f2500000)
  from space 112128K, 0% used [0x00000000f2500000,0x00000000f2500000,0x00000000f9280000)
  to   space 112128K, 0% used [0x00000000f9280000,0x00000000f9280000,0x0000000100000000)
 ParOldGen       total 472576K, used 81056K [0x00000000a0000000, 0x00000000bcd80000, 0x00000000e0000000)
  object space 472576K, 17% used [0x00000000a0000000,0x00000000a4f280c8,0x00000000bcd80000)
 Metaspace       used 84573K, capacity 87900K, committed 89256K, reserved 1126400K
  class space    used 10695K, capacity 11383K, committed 11696K, reserved 1048576K
Event: 6317.481 GC heap after
Heap after GC invocations=103 (full 15):
 PSYoungGen      total 409088K, used 7584K [0x00000000e0000000, 0x0000000100000000, 0x0000000100000000)
  eden space 296960K, 0% used [0x00000000e0000000,0x00000000e0000000,0x00000000f2200000)
  from space 112128K, 6% used [0x00000000f9280000,0x00000000f99e8000,0x0000000100000000)
  to   space 113664K, 0% used [0x00000000f2200000,0x00000000f2200000,0x00000000f9100000)
 ParOldGen       total 472576K, used 81064K [0x00000000a0000000, 0x00000000bcd80000, 0x00000000e0000000)
  object space 472576K, 17% used [0x00000000a0000000,0x00000000a4f2a0c8,0x00000000bcd80000)
 Metaspace       used 84573K, capacity 87900K, committed 89256K, reserved 1126400K
  class space    used 10695K, capacity 11383K, committed 11696K, reserved 1048576K
}

Deoptimization events (10 events):
Event: 6280.529 Thread 0x000000001f9d3800 Uncommon trap: reason=array_check action=maybe_recompile pc=0x000000000532fcdc method=java.util.TimSort.reverseRange([Ljava/lang/Object;II)V @ 20
Event: 6280.549 Thread 0x000000001f9d3800 Uncommon trap: reason=array_check action=maybe_recompile pc=0x000000000532fcdc method=java.util.TimSort.reverseRange([Ljava/lang/Object;II)V @ 20
Event: 6317.718 Thread 0x000000001f9d1800 Uncommon trap: reason=class_check action=maybe_recompile pc=0x00000000045fa3f4 method=org.gradle.api.internal.file.FileOrUriNotationConverter.convert(Ljava/lang/Object;Lorg/gradle/internal/typeconversion/NotationConvertResult;)V @ 96
Event: 6317.727 Thread 0x000000001f9d1800 Uncommon trap: reason=class_check action=maybe_recompile pc=0x00000000045fa3f4 method=org.gradle.api.internal.file.FileOrUriNotationConverter.convert(Ljava/lang/Object;Lorg/gradle/internal/typeconversion/NotationConvertResult;)V @ 96
Event: 6318.019 Thread 0x000000001f9d1800 Uncommon trap: reason=speculate_class_check action=maybe_recompile pc=0x0000000004192d08 method=com.google.common.collect.AbstractIndexedListIterator.next()Ljava/lang/Object; @ 27
Event: 6318.020 Thread 0x000000001f9d1800 Uncommon trap: reason=speculate_class_check action=maybe_recompile pc=0x0000000004192d08 method=com.google.common.collect.AbstractIndexedListIterator.next()Ljava/lang/Object; @ 27
Event: 6318.022 Thread 0x000000001f9d1800 Uncommon trap: reason=speculate_class_check action=maybe_recompile pc=0x0000000004192d08 method=com.google.common.collect.AbstractIndexedListIterator.next()Ljava/lang/Object; @ 27
Event: 6318.022 Thread 0x000000001f9d1800 Uncommon trap: reason=speculate_class_check action=maybe_recompile pc=0x0000000004192d08 method=com.google.common.collect.AbstractIndexedListIterator.next()Ljava/lang/Object; @ 27
Event: 6319.091 Thread 0x000000001f9d1800 Uncommon trap: reason=unstable_if action=reinterpret pc=0x0000000003d05198 method=java.util.jar.JarFile.getManifestFromReference()Ljava/util/jar/Manifest; @ 39
Event: 6319.197 Thread 0x000000001f9d1800 Uncommon trap: reason=unstable_if action=reinterpret pc=0x00000000056c5898 method=org.gradle.api.internal.changedetection.state.InMemoryTaskArtifactCache$1.get(Ljava/lang/Object;)Ljava/lang/Object; @ 97

Internal exceptions (10 events):
Event: 6310.775 Thread 0x000000001f9d1800 Exception <a 'sun/nio/fs/WindowsException'> (0x00000000e55c2860) thrown at [C:\src\android\AOSP-openjdk\external\jetbrains\jdk\hotspot\src\share\vm\prims\jni.cpp, line 709]
Event: 6310.826 Thread 0x000000001f9d1800 Exception <a 'sun/nio/fs/WindowsException'> (0x00000000e55c5d30) thrown at [C:\src\android\AOSP-openjdk\external\jetbrains\jdk\hotspot\src\share\vm\prims\jni.cpp, line 709]
Event: 6310.826 Thread 0x000000001f9d1800 Exception <a 'sun/nio/fs/WindowsException'> (0x00000000e55c6860) thrown at [C:\src\android\AOSP-openjdk\external\jetbrains\jdk\hotspot\src\share\vm\prims\jni.cpp, line 709]
Event: 6310.826 Thread 0x000000001f9d1800 Exception <a 'sun/nio/fs/WindowsException'> (0x00000000e55c83d8) thrown at [C:\src\android\AOSP-openjdk\external\jetbrains\jdk\hotspot\src\share\vm\prims\jni.cpp, line 709]
Event: 6310.826 Thread 0x000000001f9d1800 Exception <a 'sun/nio/fs/WindowsException'> (0x00000000e55c8f40) thrown at [C:\src\android\AOSP-openjdk\external\jetbrains\jdk\hotspot\src\share\vm\prims\jni.cpp, line 709]
Event: 6318.861 Thread 0x000000001f9d1800 Exception <a 'java/lang/NoSuchMethodError': <clinit>> (0x00000000e075b8d8) thrown at [C:\src\android\AOSP-openjdk\external\jetbrains\jdk\hotspot\src\share\vm\prims\jni.cpp, line 1591]
Event: 6318.868 Thread 0x000000001f9d1800 Exception <a 'java/lang/NoSuchMethodError': <clinit>> (0x00000000e0768750) thrown at [C:\src\android\AOSP-openjdk\external\jetbrains\jdk\hotspot\src\share\vm\prims\jni.cpp, line 1591]
Event: 6318.962 Thread 0x000000001f9d1800 Exception <a 'java/lang/NoSuchMethodError': <clinit>> (0x00000000e0842de8) thrown at [C:\src\android\AOSP-openjdk\external\jetbrains\jdk\hotspot\src\share\vm\prims\jni.cpp, line 1591]
Event: 6318.969 Thread 0x000000001f9d1800 Exception <a 'java/lang/NoSuchMethodError': <clinit>> (0x00000000e085b878) thrown at [C:\src\android\AOSP-openjdk\external\jetbrains\jdk\hotspot\src\share\vm\prims\jni.cpp, line 1591]
Event: 6318.969 Thread 0x000000001f9d1800 Exception <a 'java/lang/NoSuchMethodError': <clinit>> (0x00000000e085ccd0) thrown at [C:\src\android\AOSP-openjdk\external\jetbrains\jdk\hotspot\src\share\vm\prims\jni.cpp, line 1591]

Events (10 events):
Event: 6319.091 Thread 0x000000001f9d1800 DEOPT UNPACKING pc=0x000000000234556a sp=0x0000000042deb128 mode 2
Event: 6319.155 loading class org/gradle/api/internal/changedetection/state/StoredTreeSnapshot
Event: 6319.155 loading class org/gradle/api/internal/changedetection/state/StoredTreeSnapshot done
Event: 6319.156 Executing VM operation: Deoptimize
Event: 6319.160 Executing VM operation: Deoptimize done
Event: 6319.197 Thread 0x000000001f9d1800 Uncommon trap: trap_request=0xffffff65 fr.pc=0x00000000056c5898
Event: 6319.197 Thread 0x000000001f9d1800 DEOPT PACKING pc=0x00000000056c5898 sp=0x0000000042dec8b0
Event: 6319.197 Thread 0x000000001f9d1800 DEOPT UNPACKING pc=0x000000000234556a sp=0x0000000042dec6a0 mode 2
Event: 6319.200 loading class org/gradle/api/internal/changedetection/state/CacheBackedTaskHistoryRepository$LazyTaskExecution$2
Event: 6319.200 loading class org/gradle/api/internal/changedetection/state/CacheBackedTaskHistoryRepository$LazyTaskExecution$2 done


Dynamic libraries:
0x00007ff7c6770000 - 0x00007ff7c67a1000 	C:\Users\Gabriel\Desktop\UPB\android-studio\jre\bin\java.exe
0x00007ffa8b760000 - 0x00007ffa8b921000 	C:\WINDOWS\SYSTEM32\ntdll.dll
0x00007ffa8aa60000 - 0x00007ffa8ab0d000 	C:\WINDOWS\system32\KERNEL32.DLL
0x00007ffa67410000 - 0x00007ffa67443000 	C:\Program Files\AVAST Software\Avast\x64\aswhooka.dll
0x00007ffa88070000 - 0x00007ffa88258000 	C:\WINDOWS\system32\KERNELBASE.dll
0x00007ffa8ac70000 - 0x00007ffa8ad17000 	C:\WINDOWS\system32\ADVAPI32.dll
0x00007ffa8b360000 - 0x00007ffa8b3fd000 	C:\WINDOWS\system32\msvcrt.dll
0x00007ffa8a630000 - 0x00007ffa8a68b000 	C:\WINDOWS\system32\sechost.dll
0x00007ffa8a690000 - 0x00007ffa8a7ac000 	C:\WINDOWS\system32\RPCRT4.dll
0x00007ffa88d10000 - 0x00007ffa88e66000 	C:\WINDOWS\system32\USER32.dll
0x00007ffa8a850000 - 0x00007ffa8a9d6000 	C:\WINDOWS\system32\GDI32.dll
0x00007ffa80640000 - 0x00007ffa808b4000 	C:\WINDOWS\WinSxS\amd64_microsoft.windows.common-controls_6595b64144ccf1df_6.0.10586.672_none_a2d6b3cea53ff843\COMCTL32.dll
0x00007ffa8b4e0000 - 0x00007ffa8b75d000 	C:\WINDOWS\system32\combase.dll
0x00007ffa884a0000 - 0x00007ffa8850a000 	C:\WINDOWS\system32\bcryptPrimitives.dll
0x00007ffa8a810000 - 0x00007ffa8a84b000 	C:\WINDOWS\system32\IMM32.DLL
0x00000000673a0000 - 0x0000000067472000 	C:\Users\Gabriel\Desktop\UPB\android-studio\jre\jre\bin\msvcr100.dll
0x0000000066860000 - 0x0000000067094000 	C:\Users\Gabriel\Desktop\UPB\android-studio\jre\jre\bin\server\jvm.dll
0x00007ffa8b4d0000 - 0x00007ffa8b4d8000 	C:\WINDOWS\system32\PSAPI.DLL
0x00007ffa733e0000 - 0x00007ffa733e9000 	C:\WINDOWS\SYSTEM32\WSOCK32.dll
0x00007ffa8a9e0000 - 0x00007ffa8aa4b000 	C:\WINDOWS\system32\WS2_32.dll
0x00007ffa86180000 - 0x00007ffa861a3000 	C:\WINDOWS\SYSTEM32\WINMM.dll
0x00007ffa7da20000 - 0x00007ffa7da2a000 	C:\WINDOWS\SYSTEM32\VERSION.dll
0x00007ffa86120000 - 0x00007ffa8614c000 	C:\WINDOWS\SYSTEM32\WINMMBASE.dll
0x00007ffa88280000 - 0x00007ffa882c3000 	C:\WINDOWS\system32\cfgmgr32.dll
0x00007ffa72580000 - 0x00007ffa7258f000 	C:\Users\Gabriel\Desktop\UPB\android-studio\jre\jre\bin\verify.dll
0x00007ffa5a1f0000 - 0x00007ffa5a219000 	C:\Users\Gabriel\Desktop\UPB\android-studio\jre\jre\bin\java.dll
0x00007ffa5a0b0000 - 0x00007ffa5a0c6000 	C:\Users\Gabriel\Desktop\UPB\android-studio\jre\jre\bin\zip.dll
0x00007ffa88ed0000 - 0x00007ffa8a42c000 	C:\WINDOWS\system32\SHELL32.dll
0x00007ffa88510000 - 0x00007ffa88b55000 	C:\WINDOWS\system32\windows.storage.dll
0x00007ffa8b470000 - 0x00007ffa8b4c2000 	C:\WINDOWS\system32\shlwapi.dll
0x00007ffa87da0000 - 0x00007ffa87daf000 	C:\WINDOWS\system32\kernel.appcore.dll
0x00007ffa87e10000 - 0x00007ffa87ec5000 	C:\WINDOWS\system32\shcore.dll
0x00007ffa87dc0000 - 0x00007ffa87e0b000 	C:\WINDOWS\system32\powrprof.dll
0x00007ffa87d80000 - 0x00007ffa87d94000 	C:\WINDOWS\system32\profapi.dll
0x00007ffa669a0000 - 0x00007ffa669ba000 	C:\Users\Gabriel\Desktop\UPB\android-studio\jre\jre\bin\net.dll
0x00007ffa87650000 - 0x00007ffa876ac000 	C:\WINDOWS\system32\mswsock.dll
0x00007ffa59fc0000 - 0x00007ffa59fd1000 	C:\Users\Gabriel\Desktop\UPB\android-studio\jre\jre\bin\nio.dll
0x00007ffa6e0d0000 - 0x00007ffa6e0e2000 	C:\Users\Gabriel\.gradle\native\19\windows-amd64\native-platform.dll
0x00007ffa87700000 - 0x00007ffa87717000 	C:\WINDOWS\SYSTEM32\CRYPTSP.dll
0x00007ffa87390000 - 0x00007ffa873c4000 	C:\WINDOWS\system32\rsaenh.dll
0x00007ffa87cb0000 - 0x00007ffa87cd9000 	C:\WINDOWS\SYSTEM32\bcrypt.dll
0x00007ffa874e0000 - 0x00007ffa874ff000 	C:\WINDOWS\SYSTEM32\USERENV.dll
0x00007ffa87820000 - 0x00007ffa8782b000 	C:\WINDOWS\SYSTEM32\CRYPTBASE.dll
0x00007ffa85920000 - 0x00007ffa85958000 	C:\WINDOWS\SYSTEM32\IPHLPAPI.DLL
0x00007ffa8aa50000 - 0x00007ffa8aa58000 	C:\WINDOWS\system32\NSI.dll
0x00007ffa7d8a0000 - 0x00007ffa7d8b6000 	C:\WINDOWS\SYSTEM32\dhcpcsvc6.DLL
0x00007ffa7d880000 - 0x00007ffa7d89a000 	C:\WINDOWS\SYSTEM32\dhcpcsvc.DLL
0x00007ffa71740000 - 0x00007ffa7174d000 	C:\Users\Gabriel\Desktop\UPB\android-studio\jre\jre\bin\management.dll
0x00007ffa68650000 - 0x00007ffa68674000 	C:\Users\Gabriel\Desktop\UPB\android-studio\jre\jre\bin\sunec.dll
0x00007ffa84f80000 - 0x00007ffa84f8b000 	C:\Users\Gabriel\Desktop\UPB\android-studio\jre\jre\bin\sunmscapi.dll
0x00007ffa882d0000 - 0x00007ffa88498000 	C:\WINDOWS\system32\CRYPT32.dll
0x00007ffa87db0000 - 0x00007ffa87dc0000 	C:\WINDOWS\system32\MSASN1.dll

VM Arguments:
jvm_args: -Xmx1536m -Dfile.encoding=windows-1252 -Duser.country=ES -Duser.language=es -Duser.variant 
java_command: org.gradle.launcher.daemon.bootstrap.GradleDaemon 2.14.1
java_class_path (initial): C:\Users\Gabriel\.gradle\wrapper\dists\gradle-2.14.1-all\8bnwg5hd3w55iofp58khbp6yv\gradle-2.14.1\lib\gradle-launcher-2.14.1.jar
Launcher Type: SUN_STANDARD

Environment Variables:
PATH=C:\ProgramData\Oracle\Java\javapath;C:\Program Files\Broadcom\Broadcom 802.11;C:\Program Files (x86)\Intel\iCLS Client\;C:\Program Files\Intel\iCLS Client\;C:\WINDOWS\system32;C:\WINDOWS;C:\WINDOWS\System32\Wbem;C:\WINDOWS\System32\WindowsPowerShell\v1.0\;C:\Program Files\Hewlett-Packard\SimplePass\;C:\Program Files\MiKTeX 2.9\miktex\bin\x64\;C:\Program Files\MATLAB\MATLAB Production Server\R2015a\runtime\win64;C:\Program Files\MATLAB\MATLAB Production Server\R2015a\bin;C:\Program Files\MATLAB\MATLAB Production Server\R2015a\polyspace\bin;C:\Program Files (x86)\Intel\Intel(R) Management Engine Components\DAL;C:\Program Files\Intel\Intel(R) Management Engine Components\DAL;C:\Program Files (x86)\Intel\Intel(R) Management Engine Components\IPT;C:\Program Files\Intel\Intel(R) Management Engine Components\IPT;c:\Program Files (x86)\Microsoft SQL Server\110\Tools\Binn\;c:\Program Files\Microsoft SQL Server\110\Tools\Binn\;c:\Program Files\Microsoft SQL Server\110\DTS\Binn\;C:\WINDOWS\system32;C:\WINDOWS;C:\WINDOWS\System32\Wbem;C:\WINDOWS\System32\WindowsPowerShell\v1.0\;C:\Program Files (x86)\NVIDIA Corporation\PhysX\Common;C:\Program Files\Git\cmd;C:\Program Files (x86)\Skype\Phone\
USERNAME=Gabriel
OS=Windows_NT
PROCESSOR_IDENTIFIER=Intel64 Family 6 Model 69 Stepping 1, GenuineIntel



---------------  S Y S T E M  ---------------

OS: Windows 10.0 , 64 bit Build 10586 (10.0.10586.589)

CPU:total 4 (2 cores per cpu, 2 threads per core) family 6 model 69 stepping 1, cmov, cx8, fxsr, mmx, sse, sse2, sse3, ssse3, sse4.1, sse4.2, popcnt, avx, avx2, aes, clmul, erms, lzcnt, ht, tsc, tscinvbit, bmi1, bmi2

Memory: 4k page, physical 6754456k(664240k free), swap 6754456k(5380k free)

vm_info: OpenJDK 64-Bit Server VM (25.76-b03) for windows-amd64 JRE (1.8.0_76-release-b03), built on Jun 29 2016 19:09:20 by "ralucas" with MS VC++ 10.0 (VS2010)

time: Fri Mar 17 11:33:44 2017
elapsed time: 6319 seconds (0d 1h 45m 19s)

